Flow report for ADC
Fri Apr  4 18:15:04 2025
Quartus Prime Version 20.1.0 Build 711 06/05/2020 SJ Lite Edition


---------------------
; Table of Contents ;
---------------------
  1. Legal Notice
  2. Flow Summary
  3. Flow Settings
  4. Flow Non-Default Global Settings
  5. Flow Elapsed Time
  6. Flow OS Summary
  7. Flow Log
  8. Flow Messages
  9. Flow Suppressed Messages



----------------
; Legal Notice ;
----------------
Copyright (C) 2020  Intel Corporation. All rights reserved.
Your use of Intel Corporation's design tools, logic functions 
and other software and tools, and any partner logic 
functions, and any output files from any of the foregoing 
(including device programming or simulation files), and any 
associated documentation or information are expressly subject 
to the terms and conditions of the Intel Program License 
Subscription Agreement, the Intel Quartus Prime License Agreement,
the Intel FPGA IP License Agreement, or other applicable license
agreement, including, without limitation, that your use is for
the sole purpose of programming logic devices manufactured by
Intel and sold by Intel or its authorized distributors.  Please
refer to the applicable agreement for further details, at
https://fpgasoftware.intel.com/eula.



+----------------------------------------------------------------------------------+
; Flow Summary                                                                     ;
+------------------------------------+---------------------------------------------+
; Flow Status                        ; Successful - Fri Apr  4 18:14:58 2025       ;
; Quartus Prime Version              ; 20.1.0 Build 711 06/05/2020 SJ Lite Edition ;
; Revision Name                      ; ADC                                         ;
; Top-level Entity Name              ; CaF                                         ;
; Family                             ; MAX 10                                      ;
; Device                             ; 10M50DAF484C7G                              ;
; Timing Models                      ; Final                                       ;
; Total logic elements               ; 940 / 49,760 ( 2 % )                        ;
;     Total combinational functions  ; 940 / 49,760 ( 2 % )                        ;
;     Dedicated logic registers      ; 0 / 49,760 ( 0 % )                          ;
; Total registers                    ; 0                                           ;
; Total pins                         ; 33 / 360 ( 9 % )                            ;
; Total virtual pins                 ; 0                                           ;
; Total memory bits                  ; 0 / 1,677,312 ( 0 % )                       ;
; Embedded Multiplier 9-bit elements ; 0 / 288 ( 0 % )                             ;
; Total PLLs                         ; 0 / 4 ( 0 % )                               ;
; UFM blocks                         ; 0 / 1 ( 0 % )                               ;
; ADC blocks                         ; 0 / 2 ( 0 % )                               ;
+------------------------------------+---------------------------------------------+


+-----------------------------------------+
; Flow Settings                           ;
+-------------------+---------------------+
; Option            ; Setting             ;
+-------------------+---------------------+
; Start date & time ; 04/04/2025 18:14:29 ;
; Main task         ; Compilation         ;
; Revision Name     ; ADC                 ;
+-------------------+---------------------+


+---------------------------------------------------------------------------------------------------------------------------------------------------------------+
; Flow Non-Default Global Settings                                                                                                                              ;
+-------------------------------------+-------------------------------------------------------+---------------+-------------+-----------------------------------+
; Assignment Name                     ; Value                                                 ; Default Value ; Entity Name ; Section Id                        ;
+-------------------------------------+-------------------------------------------------------+---------------+-------------+-----------------------------------+
; COMPILER_SIGNATURE_ID               ; 44874954180609.174381206939613                        ; --            ; --          ; --                                ;
; EDA_GENERATE_FUNCTIONAL_NETLIST     ; Off                                                   ; --            ; --          ; eda_board_design_timing           ;
; EDA_GENERATE_FUNCTIONAL_NETLIST     ; Off                                                   ; --            ; --          ; eda_board_design_boundary_scan    ;
; EDA_GENERATE_FUNCTIONAL_NETLIST     ; Off                                                   ; --            ; --          ; eda_board_design_signal_integrity ;
; EDA_GENERATE_FUNCTIONAL_NETLIST     ; Off                                                   ; --            ; --          ; eda_board_design_symbol           ;
; MAX_CORE_JUNCTION_TEMP              ; 85                                                    ; --            ; --          ; --                                ;
; MIN_CORE_JUNCTION_TEMP              ; 0                                                     ; --            ; --          ; --                                ;
; MISC_FILE                           ; adc/synthesis/../adc.cmp                              ; --            ; --          ; --                                ;
; MISC_FILE                           ; adc/synthesis/../../adc.qsys                          ; --            ; --          ; --                                ;
; PARTITION_COLOR                     ; -- (Not supported for targeted family)                ; --            ; CaF         ; Top                               ;
; PARTITION_FITTER_PRESERVATION_LEVEL ; -- (Not supported for targeted family)                ; --            ; CaF         ; Top                               ;
; PARTITION_NETLIST_TYPE              ; -- (Not supported for targeted family)                ; --            ; CaF         ; Top                               ;
; POWER_BOARD_THERMAL_MODEL           ; None (CONSERVATIVE)                                   ; --            ; --          ; --                                ;
; POWER_PRESET_COOLING_SOLUTION       ; 23 MM HEAT SINK WITH 200 LFPM AIRFLOW                 ; --            ; --          ; --                                ;
; PROJECT_OUTPUT_DIRECTORY            ; output_files                                          ; --            ; --          ; --                                ;
; SLD_FILE                            ; adc/synthesis/adc.debuginfo                           ; --            ; --          ; --                                ;
; SLD_INFO                            ; QSYS_NAME adc HAS_SOPCINFO 1 GENERATION_ID 1743700192 ; --            ; adc         ; --                                ;
; SOPCINFO_FILE                       ; adc/synthesis/../../adc.sopcinfo                      ; --            ; --          ; --                                ;
; SYNTHESIS_ONLY_QIP                  ; On                                                    ; --            ; --          ; --                                ;
; TOP_LEVEL_ENTITY                    ; CaF                                                   ; ADC           ; --          ; --                                ;
+-------------------------------------+-------------------------------------------------------+---------------+-------------+-----------------------------------+


+--------------------------------------------------------------------------------------------------------------------------+
; Flow Elapsed Time                                                                                                        ;
+----------------------+--------------+-------------------------+---------------------+------------------------------------+
; Module Name          ; Elapsed Time ; Average Processors Used ; Peak Virtual Memory ; Total CPU Time (on all processors) ;
+----------------------+--------------+-------------------------+---------------------+------------------------------------+
; Analysis & Synthesis ; 00:00:10     ; 1.0                     ; 465 MB              ; 00:00:28                           ;
; Fitter               ; 00:00:14     ; 1.1                     ; 1511 MB             ; 00:00:20                           ;
; Assembler            ; 00:00:03     ; 1.0                     ; 363 MB              ; 00:00:03                           ;
; Timing Analyzer      ; 00:00:05     ; 1.2                     ; 595 MB              ; 00:00:06                           ;
; Total                ; 00:00:32     ; --                      ; --                  ; 00:00:57                           ;
+----------------------+--------------+-------------------------+---------------------+------------------------------------+


+-----------------------------------------------------------------------------------------+
; Flow OS Summary                                                                         ;
+----------------------+-------------------+----------------+------------+----------------+
; Module Name          ; Machine Hostname  ; OS Name        ; OS Version ; Processor type ;
+----------------------+-------------------+----------------+------------+----------------+
; Analysis & Synthesis ; pc-bd-ace.fi.unam ; Ubuntu 24.04.2 ; 24         ; x86_64         ;
; Fitter               ; pc-bd-ace.fi.unam ; Ubuntu 24.04.2 ; 24         ; x86_64         ;
; Assembler            ; pc-bd-ace.fi.unam ; Ubuntu 24.04.2 ; 24         ; x86_64         ;
; Timing Analyzer      ; pc-bd-ace.fi.unam ; Ubuntu 24.04.2 ; 24         ; x86_64         ;
+----------------------+-------------------+----------------+------------+----------------+


------------
; Flow Log ;
------------
quartus_map --read_settings_files=on --write_settings_files=off ADC -c ADC
quartus_fit --read_settings_files=off --write_settings_files=off ADC -c ADC
quartus_asm --read_settings_files=off --write_settings_files=off ADC -c ADC
quartus_sta ADC -c ADC



